<?xml version="1.0" encoding="UTF-8"?>
<testng-results ignored="0" total="1" passed="1" failed="0" skipped="0">
  <reporter-output>
  </reporter-output>
  <suite started-at="2025-06-02T10:48:01 IST" name="Default suite" finished-at="2025-06-02T10:48:02 IST" duration-ms="1041">
    <groups>
    </groups>
    <test started-at="2025-06-02T10:48:01 IST" name="Default test" finished-at="2025-06-02T10:48:02 IST" duration-ms="1041">
      <class name="BookManagement.FastAPI.Bookmanagements">
        <test-method signature="BookManagement()[pri:0, instance:BookManagement.FastAPI.Bookmanagements@4efbca5a]" started-at="2025-06-02T10:48:01 IST" name="BookManagement" finished-at="2025-06-02T10:48:02 IST" duration-ms="1024" status="PASS">
          <reporter-output>
          </reporter-output>
        </test-method> <!-- BookManagement -->
      </class> <!-- BookManagement.FastAPI.Bookmanagements -->
    </test> <!-- Default test -->
  </suite> <!-- Default suite -->
</testng-results>
